-Xajruntimetarget:1.5
-1.8
-encoding
UTF-8
-showWeaveInfo
-source
1.8
-target
1.8
-verbose
-classpath
D:\kaifa\repositry\org\springframework\spring-beans\4.3.11.RELEASE\spring-beans-4.3.11.RELEASE.jar;D:\kaifa\repositry\org\springframework\spring-context\4.3.11.RELEASE\spring-context-4.3.11.RELEASE.jar;D:\kaifa\repositry\org\springframework\spring-core\4.3.11.RELEASE\spring-core-4.3.11.RELEASE.jar;D:\kaifa\repositry\org\springframework\spring-jdbc\4.3.11.RELEASE\spring-jdbc-4.3.11.RELEASE.jar;D:\kaifa\repositry\org\springframework\spring-aop\4.3.11.RELEASE\spring-aop-4.3.11.RELEASE.jar;D:\kaifa\repositry\org\springframework\spring-web\4.3.11.RELEASE\spring-web-4.3.11.RELEASE.jar;D:\kaifa\repositry\org\springframework\spring-webmvc\4.3.11.RELEASE\spring-webmvc-4.3.11.RELEASE.jar;D:\kaifa\repositry\commons-dbcp\commons-dbcp\1.4\commons-dbcp-1.4.jar;D:\kaifa\repositry\javax\servlet\jsp\javax.servlet.jsp-api\2.2.1\javax.servlet.jsp-api-2.2.1.jar;D:\kaifa\repositry\javax\servlet\servlet-api\2.5\servlet-api-2.5.jar;D:\kaifa\repositry\javax\servlet\jstl\1.2\jstl-1.2.jar;D:\kaifa\repositry\org\codehaus\jackson\jackson-mapper-lgpl\1.9.13\jackson-mapper-lgpl-1.9.13.jar;D:\kaifa\repositry\org\codehaus\jackson\jackson-core-lgpl\1.9.13\jackson-core-lgpl-1.9.13.jar;D:\kaifa\repositry\com\fasterxml\jackson\core\jackson-core\2.8.9\jackson-core-2.8.9.jar;D:\kaifa\repositry\com\fasterxml\jackson\core\jackson-annotations\2.8.9\jackson-annotations-2.8.9.jar;D:\kaifa\repositry\com\fasterxml\jackson\core\jackson-databind\2.8.9\jackson-databind-2.8.9.jar;D:\kaifa\repositry\org\freemarker\freemarker\2.3.20\freemarker-2.3.20.jar;D:\kaifa\repositry\commons-lang\commons-lang\2.6\commons-lang-2.6.jar;D:\kaifa\repositry\commons-io\commons-io\2.4\commons-io-2.4.jar;D:\kaifa\repositry\org\apache\httpcomponents\httpcore\4.4.6\httpcore-4.4.6.jar;D:\kaifa\repositry\org\apache\httpcomponents\httpclient\4.5.3\httpclient-4.5.3.jar;D:\kaifa\repositry\commons-beanutils\commons-beanutils\1.7.0\commons-beanutils-1.7.0.jar;D:\kaifa\repositry\commons-digester\commons-digester\2.0\commons-digester-2.0.jar;D:\kaifa\repositry\commons-fileupload\commons-fileupload\1.3\commons-fileupload-1.3.jar;D:\kaifa\repositry\com\google\guava\guava\16.0.1\guava-16.0.1.jar;D:\kaifa\repositry\org\aspectj\aspectjrt\1.8.7\aspectjrt-1.8.7.jar;D:\kaifa\repositry\org\aspectj\aspectjtools\1.8.7\aspectjtools-1.8.7.jar;D:\kaifa\repositry\org\apache\tiles\tiles-api\2.2.1\tiles-api-2.2.1.jar;D:\kaifa\repositry\org\apache\tiles\tiles-jsp\2.2.1\tiles-jsp-2.2.1.jar;D:\kaifa\repositry\org\apache\tiles\tiles-servlet\2.2.1\tiles-servlet-2.2.1.jar;D:\kaifa\repositry\org\apache\tiles\tiles-template\2.2.1\tiles-template-2.2.1.jar;D:\kaifa\repositry\org\apache\tiles\tiles-core\2.2.1\tiles-core-2.2.1.jar;D:\kaifa\repositry\commons-logging\commons-logging\1.1.3\commons-logging-1.1.3.jar;D:\kaifa\repositry\log4j\log4j\1.2.17\log4j-1.2.17.jar;D:\kaifa\repositry\org\slf4j\slf4j-api\1.6.1\slf4j-api-1.6.1.jar;D:\kaifa\repositry\org\slf4j\jcl-over-slf4j\1.6.1\jcl-over-slf4j-1.6.1.jar;D:\kaifa\repositry\org\slf4j\slf4j-log4j12\1.6.1\slf4j-log4j12-1.6.1.jar;D:\kaifa\repositry\org\hibernate\hibernate-validator\4.3.0.Final\hibernate-validator-4.3.0.Final.jar;D:\kaifa\repositry\joda-time\joda-time\1.6.2\joda-time-1.6.2.jar;D:\kaifa\repositry\javax\validation\validation-api\1.1.0.Final\validation-api-1.1.0.Final.jar;D:\kaifa\repositry\displaytag\displaytag\1.2\displaytag-1.2.jar;D:\kaifa\repositry\jsptags\pager-taglib\2.0\pager-taglib-2.0.jar;D:\kaifa\repositry\org\quartz-scheduler\quartz\2.2.1\quartz-2.2.1.jar;D:\kaifa\repositry\dom4j\dom4j\1.6.1\dom4j-1.6.1.jar;D:\kaifa\repositry\redis\clients\jedis\2.1.0\jedis-2.1.0.jar;D:\kaifa\repositry\com\alibaba\fastjson\1.2.33\fastjson-1.2.33.jar;D:\kaifa\repositry\org\apache\poi\poi\3.15\poi-3.15.jar;D:\kaifa\repositry\org\bouncycastle\bcprov-jdk15\1.45\bcprov-jdk15-1.45.jar;D:\kaifa\repositry\org\apache\maven\plugins\maven-resources-plugin\2.4.3\maven-resources-plugin-2.4.3.jar;D:\kaifa\repositry\org\springframework\spring-expression\4.3.11.RELEASE\spring-expression-4.3.11.RELEASE.jar;D:\kaifa\repositry\org\springframework\spring-tx\4.3.11.RELEASE\spring-tx-4.3.11.RELEASE.jar;D:\kaifa\repositry\commons-pool\commons-pool\1.5.4\commons-pool-1.5.4.jar;D:\kaifa\repositry\commons-codec\commons-codec\1.9\commons-codec-1.9.jar;D:\kaifa\repositry\org\jboss\logging\jboss-logging\3.1.0.CR2\jboss-logging-3.1.0.CR2.jar;D:\kaifa\repositry\commons-collections\commons-collections\3.1\commons-collections-3.1.jar;D:\kaifa\repositry\com\lowagie\itext\1.3\itext-1.3.jar;D:\kaifa\repositry\c3p0\c3p0\0.9.1.1\c3p0-0.9.1.1.jar;D:\kaifa\repositry\xml-apis\xml-apis\1.0.b2\xml-apis-1.0.b2.jar;D:\kaifa\repositry\org\apache\commons\commons-collections4\4.1\commons-collections4-4.1.jar;D:\kaifa\repositry\org\apache\maven\maven-plugin-api\2.0.6\maven-plugin-api-2.0.6.jar;D:\kaifa\repositry\org\apache\maven\maven-project\2.0.6\maven-project-2.0.6.jar;D:\kaifa\repositry\org\apache\maven\maven-profile\2.0.6\maven-profile-2.0.6.jar;D:\kaifa\repositry\org\apache\maven\maven-artifact-manager\2.0.6\maven-artifact-manager-2.0.6.jar;D:\kaifa\repositry\org\apache\maven\maven-plugin-registry\2.0.6\maven-plugin-registry-2.0.6.jar;D:\kaifa\repositry\org\apache\maven\maven-core\2.0.6\maven-core-2.0.6.jar;D:\kaifa\repositry\org\apache\maven\maven-plugin-parameter-documenter\2.0.6\maven-plugin-parameter-documenter-2.0.6.jar;D:\kaifa\repositry\org\apache\maven\reporting\maven-reporting-api\2.0.6\maven-reporting-api-2.0.6.jar;D:\kaifa\repositry\org\apache\maven\doxia\doxia-sink-api\1.0-alpha-7\doxia-sink-api-1.0-alpha-7.jar;D:\kaifa\repositry\org\apache\maven\wagon\wagon-provider-api\1.0-beta-2\wagon-provider-api-1.0-beta-2.jar;D:\kaifa\repositry\org\apache\maven\maven-repository-metadata\2.0.6\maven-repository-metadata-2.0.6.jar;D:\kaifa\repositry\org\apache\maven\maven-error-diagnostics\2.0.6\maven-error-diagnostics-2.0.6.jar;D:\kaifa\repositry\commons-cli\commons-cli\1.0\commons-cli-1.0.jar;D:\kaifa\repositry\org\apache\maven\maven-plugin-descriptor\2.0.6\maven-plugin-descriptor-2.0.6.jar;D:\kaifa\repositry\org\codehaus\plexus\plexus-interactivity-api\1.0-alpha-4\plexus-interactivity-api-1.0-alpha-4.jar;D:\kaifa\repositry\classworlds\classworlds\1.1\classworlds-1.1.jar;D:\kaifa\repositry\org\apache\maven\maven-artifact\2.0.6\maven-artifact-2.0.6.jar;D:\kaifa\repositry\org\apache\maven\maven-settings\2.0.6\maven-settings-2.0.6.jar;D:\kaifa\repositry\org\apache\maven\maven-model\2.0.6\maven-model-2.0.6.jar;D:\kaifa\repositry\org\apache\maven\maven-monitor\2.0.6\maven-monitor-2.0.6.jar;D:\kaifa\repositry\org\codehaus\plexus\plexus-container-default\1.0-alpha-9-stable-1\plexus-container-default-1.0-alpha-9-stable-1.jar;D:\kaifa\repositry\org\codehaus\plexus\plexus-utils\2.0.5\plexus-utils-2.0.5.jar;D:\kaifa\repositry\org\apache\maven\shared\maven-filtering\1.0-beta-4\maven-filtering-1.0-beta-4.jar;D:\kaifa\repositry\org\sonatype\plexus\plexus-build-api\0.0.4\plexus-build-api-0.0.4.jar;D:\kaifa\repositry\org\codehaus\plexus\plexus-interpolation\1.13\plexus-interpolation-1.13.jar;E:\workspace\ework\shengyi-manage\target\classes
-d
E:\workspace\ework\shengyi-manage\target\classes
E:\workspace\ework\shengyi-manage\src\main\java\com\sz\common\annotation\ChooseDataSource.java
E:\workspace\ework\shengyi-manage\src\main\java\com\sz\common\annotation\ForbidUpdate.java
E:\workspace\ework\shengyi-manage\src\main\java\com\sz\common\annotation\NeedAuth.java
E:\workspace\ework\shengyi-manage\src\main\java\com\sz\common\annotation\PrimaryKey.java
E:\workspace\ework\shengyi-manage\src\main\java\com\sz\common\annotation\Transient.java
E:\workspace\ework\shengyi-manage\src\main\java\com\sz\common\aop\ChooseDataSourceAspect.java
E:\workspace\ework\shengyi-manage\src\main\java\com\sz\common\aop\OperateLogAop.java
E:\workspace\ework\shengyi-manage\src\main\java\com\sz\common\cache\JedisClient.java
E:\workspace\ework\shengyi-manage\src\main\java\com\sz\common\cache\JedisFactory.java
E:\workspace\ework\shengyi-manage\src\main\java\com\sz\common\constant\Constants.java
E:\workspace\ework\shengyi-manage\src\main\java\com\sz\common\constant\DataSourceConstant.java
E:\workspace\ework\shengyi-manage\src\main\java\com\sz\common\constant\JedisConstant.java
E:\workspace\ework\shengyi-manage\src\main\java\com\sz\common\constant\WebResultConstant.java
E:\workspace\ework\shengyi-manage\src\main\java\com\sz\common\datasource\DataSourceContextHolder.java
E:\workspace\ework\shengyi-manage\src\main\java\com\sz\common\datasource\DynamicDataSource.java
E:\workspace\ework\shengyi-manage\src\main\java\com\sz\common\db\AbstractSQLFactory.java
E:\workspace\ework\shengyi-manage\src\main\java\com\sz\common\db\DeleteSQLFactory.java
E:\workspace\ework\shengyi-manage\src\main\java\com\sz\common\db\genepojo\Column.java
E:\workspace\ework\shengyi-manage\src\main\java\com\sz\common\db\genepojo\FieldBean.java
E:\workspace\ework\shengyi-manage\src\main\java\com\sz\common\db\genepojo\FieldHolder.java
E:\workspace\ework\shengyi-manage\src\main\java\com\sz\common\db\genepojo\SQLTypeProcessor.java
E:\workspace\ework\shengyi-manage\src\main\java\com\sz\common\db\genepojo\Table.java
E:\workspace\ework\shengyi-manage\src\main\java\com\sz\common\db\InsertSQLFactory.java
E:\workspace\ework\shengyi-manage\src\main\java\com\sz\common\db\JDBCBaseDao.java
E:\workspace\ework\shengyi-manage\src\main\java\com\sz\common\db\SelectSQLFactory.java
E:\workspace\ework\shengyi-manage\src\main\java\com\sz\common\db\SQLEntry.java
E:\workspace\ework\shengyi-manage\src\main\java\com\sz\common\db\SQLUtils.java
E:\workspace\ework\shengyi-manage\src\main\java\com\sz\common\db\UpdateSQLFactory.java
E:\workspace\ework\shengyi-manage\src\main\java\com\sz\common\exception\AgentAuthException.java
E:\workspace\ework\shengyi-manage\src\main\java\com\sz\common\exception\AppException.java
E:\workspace\ework\shengyi-manage\src\main\java\com\sz\common\filter\CustomHttpServletRequest.java
E:\workspace\ework\shengyi-manage\src\main\java\com\sz\common\filter\GlobalFilter.java
E:\workspace\ework\shengyi-manage\src\main\java\com\sz\common\interceptor\AuthInterceptor.java
E:\workspace\ework\shengyi-manage\src\main\java\com\sz\common\listener\ApplicationInitListener.java
E:\workspace\ework\shengyi-manage\src\main\java\com\sz\common\listener\InitAppContextAware.java
E:\workspace\ework\shengyi-manage\src\main\java\com\sz\common\listener\SystemConfigUtil.java
E:\workspace\ework\shengyi-manage\src\main\java\com\sz\common\security\PropertyDecipher.java
E:\workspace\ework\shengyi-manage\src\main\java\com\sz\common\util\AppConstant.java
E:\workspace\ework\shengyi-manage\src\main\java\com\sz\common\util\Base64Util.java
E:\workspace\ework\shengyi-manage\src\main\java\com\sz\common\util\CaptchaCode.java
E:\workspace\ework\shengyi-manage\src\main\java\com\sz\common\util\CookieUtil.java
E:\workspace\ework\shengyi-manage\src\main\java\com\sz\common\util\DateConvert.java
E:\workspace\ework\shengyi-manage\src\main\java\com\sz\common\util\DateUtil.java
E:\workspace\ework\shengyi-manage\src\main\java\com\sz\common\util\DESUtil.java
E:\workspace\ework\shengyi-manage\src\main\java\com\sz\common\util\ExcelUtil.java
E:\workspace\ework\shengyi-manage\src\main\java\com\sz\common\util\FileUploadUtil.java
E:\workspace\ework\shengyi-manage\src\main\java\com\sz\common\util\HttpClientUtil.java
E:\workspace\ework\shengyi-manage\src\main\java\com\sz\common\util\HttpConnectionManager.java
E:\workspace\ework\shengyi-manage\src\main\java\com\sz\common\util\HttpRequestDeviceUtil.java
E:\workspace\ework\shengyi-manage\src\main\java\com\sz\common\util\IpAddressUtil.java
E:\workspace\ework\shengyi-manage\src\main\java\com\sz\common\util\JsonUtil.java
E:\workspace\ework\shengyi-manage\src\main\java\com\sz\common\util\MD5Util.java
E:\workspace\ework\shengyi-manage\src\main\java\com\sz\common\util\PathUtil.java
E:\workspace\ework\shengyi-manage\src\main\java\com\sz\common\util\ReflectUtil.java
E:\workspace\ework\shengyi-manage\src\main\java\com\sz\common\util\RegexUtil.java
E:\workspace\ework\shengyi-manage\src\main\java\com\sz\common\util\SessionUtil.java
E:\workspace\ework\shengyi-manage\src\main\java\com\sz\common\util\SpringContextHolder.java
E:\workspace\ework\shengyi-manage\src\main\java\com\sz\common\util\StringRandomUtil.java
E:\workspace\ework\shengyi-manage\src\main\java\com\sz\common\util\StringUtil.java
E:\workspace\ework\shengyi-manage\src\main\java\com\sz\common\util\ValidateUtil.java
E:\workspace\ework\shengyi-manage\src\main\java\com\sz\common\util\XSSHandler.java
E:\workspace\ework\shengyi-manage\src\main\java\com\sz\control\manage\AuthController.java
E:\workspace\ework\shengyi-manage\src\main\java\com\sz\control\manage\CaptchaImageController.java
E:\workspace\ework\shengyi-manage\src\main\java\com\sz\control\manage\ConfigController.java
E:\workspace\ework\shengyi-manage\src\main\java\com\sz\control\manage\LoginController.java
E:\workspace\ework\shengyi-manage\src\main\java\com\sz\control\manage\OperateLogController.java
E:\workspace\ework\shengyi-manage\src\main\java\com\sz\control\manage\RoleController.java
E:\workspace\ework\shengyi-manage\src\main\java\com\sz\control\manage\UserController.java
E:\workspace\ework\shengyi-manage\src\main\java\com\sz\control\web\MaterialController.java
E:\workspace\ework\shengyi-manage\src\main\java\com\sz\dao\app\impl\SystemConfigDaoImpl.java
E:\workspace\ework\shengyi-manage\src\main\java\com\sz\dao\app\SystemConfigDao.java
E:\workspace\ework\shengyi-manage\src\main\java\com\sz\dao\BaseDao.java
E:\workspace\ework\shengyi-manage\src\main\java\com\sz\dao\manage\AuthDao.java
E:\workspace\ework\shengyi-manage\src\main\java\com\sz\dao\manage\ConfigDao.java
E:\workspace\ework\shengyi-manage\src\main\java\com\sz\dao\manage\impl\AuthDaoImpl.java
E:\workspace\ework\shengyi-manage\src\main\java\com\sz\dao\manage\impl\BaseDaoImpl.java
E:\workspace\ework\shengyi-manage\src\main\java\com\sz\dao\manage\impl\ConfigDaoImpl.java
E:\workspace\ework\shengyi-manage\src\main\java\com\sz\dao\manage\impl\OperateLogDaoImpl.java
E:\workspace\ework\shengyi-manage\src\main\java\com\sz\dao\manage\impl\RoleDaoImpl.java
E:\workspace\ework\shengyi-manage\src\main\java\com\sz\dao\manage\impl\UserDaoImpl.java
E:\workspace\ework\shengyi-manage\src\main\java\com\sz\dao\manage\impl\UserRoleAuthSiteDaoImpl.java
E:\workspace\ework\shengyi-manage\src\main\java\com\sz\dao\manage\OperateDao.java
E:\workspace\ework\shengyi-manage\src\main\java\com\sz\dao\manage\RoleDao.java
E:\workspace\ework\shengyi-manage\src\main\java\com\sz\dao\manage\UserDao.java
E:\workspace\ework\shengyi-manage\src\main\java\com\sz\dao\manage\UserRoleAuthSiteDao.java
E:\workspace\ework\shengyi-manage\src\main\java\com\sz\dao\web\impl\MaterialDaoImpl.java
E:\workspace\ework\shengyi-manage\src\main\java\com\sz\dao\web\MaterialDao.java
E:\workspace\ework\shengyi-manage\src\main\java\com\sz\exception\MessageException.java
E:\workspace\ework\shengyi-manage\src\main\java\com\sz\fm\Pager.java
E:\workspace\ework\shengyi-manage\src\main\java\com\sz\params\material\MaterialClassParam.java
E:\workspace\ework\shengyi-manage\src\main\java\com\sz\params\material\MaterialQueryParam.java
E:\workspace\ework\shengyi-manage\src\main\java\com\sz\pojo\app\SystemConfig.java
E:\workspace\ework\shengyi-manage\src\main\java\com\sz\pojo\manage\auth\Auth.java
E:\workspace\ework\shengyi-manage\src\main\java\com\sz\pojo\manage\auth\AuthIp.java
E:\workspace\ework\shengyi-manage\src\main\java\com\sz\pojo\manage\auth\AuthIpType.java
E:\workspace\ework\shengyi-manage\src\main\java\com\sz\pojo\manage\config\Config.java
E:\workspace\ework\shengyi-manage\src\main\java\com\sz\pojo\manage\json\JsonBack.java
E:\workspace\ework\shengyi-manage\src\main\java\com\sz\pojo\manage\json\LoginSessionObject.java
E:\workspace\ework\shengyi-manage\src\main\java\com\sz\pojo\manage\log\LoginLog.java
E:\workspace\ework\shengyi-manage\src\main\java\com\sz\pojo\manage\log\OperateLog.java
E:\workspace\ework\shengyi-manage\src\main\java\com\sz\pojo\manage\page\PageInfo.java
E:\workspace\ework\shengyi-manage\src\main\java\com\sz\pojo\manage\page\PaginationResult.java
E:\workspace\ework\shengyi-manage\src\main\java\com\sz\pojo\manage\role\Role.java
E:\workspace\ework\shengyi-manage\src\main\java\com\sz\pojo\manage\role\RoleAuth.java
E:\workspace\ework\shengyi-manage\src\main\java\com\sz\pojo\manage\sqlEntry\SQLCondition.java
E:\workspace\ework\shengyi-manage\src\main\java\com\sz\pojo\manage\user\User.java
E:\workspace\ework\shengyi-manage\src\main\java\com\sz\pojo\manage\user\UserRole.java
E:\workspace\ework\shengyi-manage\src\main\java\com\sz\pojo\request\coupon\CouponQueyParams.java
E:\workspace\ework\shengyi-manage\src\main\java\com\sz\pojo\request\coupon\CouponUpdateParams.java
E:\workspace\ework\shengyi-manage\src\main\java\com\sz\pojo\request\GameLogRequestParams.java
E:\workspace\ework\shengyi-manage\src\main\java\com\sz\pojo\request\OperatorRequestParams.java
E:\workspace\ework\shengyi-manage\src\main\java\com\sz\pojo\request\PlayerRequestParams.java
E:\workspace\ework\shengyi-manage\src\main\java\com\sz\pojo\request\recharge\RechargeRewardParams.java
E:\workspace\ework\shengyi-manage\src\main\java\com\sz\pojo\request\ReportRequestParams.java
E:\workspace\ework\shengyi-manage\src\main\java\com\sz\pojo\request\ResultMessage.java
E:\workspace\ework\shengyi-manage\src\main\java\com\sz\pojo\web\Material.java
E:\workspace\ework\shengyi-manage\src\main\java\com\sz\service\app\SystemConfigService.java
E:\workspace\ework\shengyi-manage\src\main\java\com\sz\service\game\impl\SystemConfigServiceImpl.java
E:\workspace\ework\shengyi-manage\src\main\java\com\sz\service\manage\AuthService.java
E:\workspace\ework\shengyi-manage\src\main\java\com\sz\service\manage\ConfigService.java
E:\workspace\ework\shengyi-manage\src\main\java\com\sz\service\manage\impl\AuthServiceImpl.java
E:\workspace\ework\shengyi-manage\src\main\java\com\sz\service\manage\impl\ConfigServiceImpl.java
E:\workspace\ework\shengyi-manage\src\main\java\com\sz\service\manage\impl\OperateLogServiceImpl.java
E:\workspace\ework\shengyi-manage\src\main\java\com\sz\service\manage\impl\RoleServieImpl.java
E:\workspace\ework\shengyi-manage\src\main\java\com\sz\service\manage\impl\UserRoleAuthSiteServiceImpl.java
E:\workspace\ework\shengyi-manage\src\main\java\com\sz\service\manage\impl\UserServiceImpl.java
E:\workspace\ework\shengyi-manage\src\main\java\com\sz\service\manage\OperateLogService.java
E:\workspace\ework\shengyi-manage\src\main\java\com\sz\service\manage\RoleService.java
E:\workspace\ework\shengyi-manage\src\main\java\com\sz\service\manage\UserRoleAuthSiteService.java
E:\workspace\ework\shengyi-manage\src\main\java\com\sz\service\manage\UserService.java
E:\workspace\ework\shengyi-manage\src\main\java\com\sz\service\web\impl\MaterialServiceImpl.java
E:\workspace\ework\shengyi-manage\src\main\java\com\sz\service\web\MaterialService.java
